<?xml version="1.0" encoding="UTF-8"?>
<testsuite name="CorezoidMessageTest" tests="4" skipped="0" failures="0" errors="0" timestamp="2025-07-01T08:28:50" hostname="cursor" time="0.006">
  <properties/>
  <testcase name="testParseAnswer()" classname="CorezoidMessageTest" time="0.001"/>
  <testcase name="testRequestCreation()" classname="CorezoidMessageTest" time="0.001"/>
  <testcase name="testCheckSign()" classname="CorezoidMessageTest" time="0.001"/>
  <testcase name="testResponseCreation()" classname="CorezoidMessageTest" time="0.001"/>
  <system-out><![CDATA[]]></system-out>
  <system-err><![CDATA[]]></system-err>
</testsuite>
