<?xml version="1.0" encoding="UTF-8"?>
<testsuite name="RequestOperationTest" tests="4" skipped="0" failures="0" errors="0" timestamp="2025-07-01T08:28:50" hostname="cursor" time="0.004">
  <properties/>
  <testcase name="testModifyIdOperation()" classname="RequestOperationTest" time="0.001"/>
  <testcase name="testCreateOperation()" classname="RequestOperationTest" time="0.001"/>
  <testcase name="testInvalidInputs()" classname="RequestOperationTest" time="0.001"/>
  <testcase name="testModifyRefOperation()" classname="RequestOperationTest" time="0.0"/>
  <system-out><![CDATA[]]></system-out>
  <system-err><![CDATA[]]></system-err>
</testsuite>
