<?xml version="1.0" encoding="UTF-8"?>
<testsuite name="ResponseOperationTest" tests="3" skipped="0" failures="0" errors="0" timestamp="2025-07-01T09:52:38" hostname="cursor" time="0.003">
  <properties/>
  <testcase name="testInvalidInputs()" classname="ResponseOperationTest" time="0.001"/>
  <testcase name="testOkOperation()" classname="ResponseOperationTest" time="0.001"/>
  <testcase name="testFailOperation()" classname="ResponseOperationTest" time="0.001"/>
  <system-out><![CDATA[]]></system-out>
  <system-err><![CDATA[]]></system-err>
</testsuite>
